c:\users\admin\documents\visual studio 2017\projects\consoleapplication5\consoleapplication5\debug\consoleapplication5.pch
c:\users\admin\documents\visual studio 2017\projects\consoleapplication5\consoleapplication5\debug\vc141.pdb
c:\users\admin\documents\visual studio 2017\projects\consoleapplication5\consoleapplication5\debug\vc141.idb
c:\users\admin\documents\visual studio 2017\projects\consoleapplication5\consoleapplication5\debug\stdafx.obj
c:\users\admin\documents\visual studio 2017\projects\consoleapplication5\consoleapplication5\debug\consoleapplication5.obj
c:\users\admin\documents\visual studio 2017\projects\consoleapplication5\consoleapplication5\debug\datamanager.obj
c:\users\admin\documents\visual studio 2017\projects\consoleapplication5\consoleapplication5\debug\postgresql.obj
c:\users\admin\documents\visual studio 2017\projects\consoleapplication5\consoleapplication5\debug\session.obj
c:\users\admin\documents\visual studio 2017\projects\consoleapplication5\consoleapplication5\debug\joystick.obj
c:\users\admin\documents\visual studio 2017\projects\consoleapplication5\debug\consoleapplication5.ilk
c:\users\admin\documents\visual studio 2017\projects\consoleapplication5\debug\consoleapplication5.exe
c:\users\admin\documents\visual studio 2017\projects\consoleapplication5\debug\consoleapplication5.pdb
c:\users\admin\documents\visual studio 2017\projects\consoleapplication5\consoleapplication5\debug\consolea.61ca5a80.tlog\cl.command.1.tlog
c:\users\admin\documents\visual studio 2017\projects\consoleapplication5\consoleapplication5\debug\consolea.61ca5a80.tlog\cl.read.1.tlog
c:\users\admin\documents\visual studio 2017\projects\consoleapplication5\consoleapplication5\debug\consolea.61ca5a80.tlog\cl.write.1.tlog
c:\users\admin\documents\visual studio 2017\projects\consoleapplication5\consoleapplication5\debug\consolea.61ca5a80.tlog\link-cvtres.read.1.tlog
c:\users\admin\documents\visual studio 2017\projects\consoleapplication5\consoleapplication5\debug\consolea.61ca5a80.tlog\link-cvtres.write.1.tlog
c:\users\admin\documents\visual studio 2017\projects\consoleapplication5\consoleapplication5\debug\consolea.61ca5a80.tlog\link-rc.read.1.tlog
c:\users\admin\documents\visual studio 2017\projects\consoleapplication5\consoleapplication5\debug\consolea.61ca5a80.tlog\link-rc.write.1.tlog
c:\users\admin\documents\visual studio 2017\projects\consoleapplication5\consoleapplication5\debug\consolea.61ca5a80.tlog\link-vctip.delete.193.tlog
c:\users\admin\documents\visual studio 2017\projects\consoleapplication5\consoleapplication5\debug\consolea.61ca5a80.tlog\link-vctip.delete.234.tlog
c:\users\admin\documents\visual studio 2017\projects\consoleapplication5\consoleapplication5\debug\consolea.61ca5a80.tlog\link-vctip.delete.264.tlog
c:\users\admin\documents\visual studio 2017\projects\consoleapplication5\consoleapplication5\debug\consolea.61ca5a80.tlog\link-vctip.delete.311.tlog
c:\users\admin\documents\visual studio 2017\projects\consoleapplication5\consoleapplication5\debug\consolea.61ca5a80.tlog\link-vctip.read.187.tlog
c:\users\admin\documents\visual studio 2017\projects\consoleapplication5\consoleapplication5\debug\consolea.61ca5a80.tlog\link-vctip.read.190.tlog
c:\users\admin\documents\visual studio 2017\projects\consoleapplication5\consoleapplication5\debug\consolea.61ca5a80.tlog\link-vctip.read.193.tlog
c:\users\admin\documents\visual studio 2017\projects\consoleapplication5\consoleapplication5\debug\consolea.61ca5a80.tlog\link-vctip.read.194.tlog
c:\users\admin\documents\visual studio 2017\projects\consoleapplication5\consoleapplication5\debug\consolea.61ca5a80.tlog\link-vctip.read.207.tlog
c:\users\admin\documents\visual studio 2017\projects\consoleapplication5\consoleapplication5\debug\consolea.61ca5a80.tlog\link-vctip.read.217.tlog
c:\users\admin\documents\visual studio 2017\projects\consoleapplication5\consoleapplication5\debug\consolea.61ca5a80.tlog\link-vctip.read.228.tlog
c:\users\admin\documents\visual studio 2017\projects\consoleapplication5\consoleapplication5\debug\consolea.61ca5a80.tlog\link-vctip.read.234.tlog
c:\users\admin\documents\visual studio 2017\projects\consoleapplication5\consoleapplication5\debug\consolea.61ca5a80.tlog\link-vctip.read.242.tlog
c:\users\admin\documents\visual studio 2017\projects\consoleapplication5\consoleapplication5\debug\consolea.61ca5a80.tlog\link-vctip.read.252.tlog
c:\users\admin\documents\visual studio 2017\projects\consoleapplication5\consoleapplication5\debug\consolea.61ca5a80.tlog\link-vctip.read.264.tlog
c:\users\admin\documents\visual studio 2017\projects\consoleapplication5\consoleapplication5\debug\consolea.61ca5a80.tlog\link-vctip.read.266.tlog
c:\users\admin\documents\visual studio 2017\projects\consoleapplication5\consoleapplication5\debug\consolea.61ca5a80.tlog\link-vctip.read.270.tlog
c:\users\admin\documents\visual studio 2017\projects\consoleapplication5\consoleapplication5\debug\consolea.61ca5a80.tlog\link-vctip.read.286.tlog
c:\users\admin\documents\visual studio 2017\projects\consoleapplication5\consoleapplication5\debug\consolea.61ca5a80.tlog\link-vctip.read.299.tlog
c:\users\admin\documents\visual studio 2017\projects\consoleapplication5\consoleapplication5\debug\consolea.61ca5a80.tlog\link-vctip.read.309.tlog
c:\users\admin\documents\visual studio 2017\projects\consoleapplication5\consoleapplication5\debug\consolea.61ca5a80.tlog\link-vctip.read.311.tlog
c:\users\admin\documents\visual studio 2017\projects\consoleapplication5\consoleapplication5\debug\consolea.61ca5a80.tlog\link-vctip.read.323.tlog
c:\users\admin\documents\visual studio 2017\projects\consoleapplication5\consoleapplication5\debug\consolea.61ca5a80.tlog\link-vctip.read.334.tlog
c:\users\admin\documents\visual studio 2017\projects\consoleapplication5\consoleapplication5\debug\consolea.61ca5a80.tlog\link-vctip.write.193.tlog
c:\users\admin\documents\visual studio 2017\projects\consoleapplication5\consoleapplication5\debug\consolea.61ca5a80.tlog\link-vctip.write.234.tlog
c:\users\admin\documents\visual studio 2017\projects\consoleapplication5\consoleapplication5\debug\consolea.61ca5a80.tlog\link-vctip.write.264.tlog
c:\users\admin\documents\visual studio 2017\projects\consoleapplication5\consoleapplication5\debug\consolea.61ca5a80.tlog\link-vctip.write.311.tlog
c:\users\admin\documents\visual studio 2017\projects\consoleapplication5\consoleapplication5\debug\consolea.61ca5a80.tlog\link.2496-cvtres.read.1.tlog
c:\users\admin\documents\visual studio 2017\projects\consoleapplication5\consoleapplication5\debug\consolea.61ca5a80.tlog\link.2496-cvtres.write.1.tlog
c:\users\admin\documents\visual studio 2017\projects\consoleapplication5\consoleapplication5\debug\consolea.61ca5a80.tlog\link.2496-rc.read.1.tlog
c:\users\admin\documents\visual studio 2017\projects\consoleapplication5\consoleapplication5\debug\consolea.61ca5a80.tlog\link.2496-rc.write.1.tlog
c:\users\admin\documents\visual studio 2017\projects\consoleapplication5\consoleapplication5\debug\consolea.61ca5a80.tlog\link.2496.read.1.tlog
c:\users\admin\documents\visual studio 2017\projects\consoleapplication5\consoleapplication5\debug\consolea.61ca5a80.tlog\link.2496.write.1.tlog
c:\users\admin\documents\visual studio 2017\projects\consoleapplication5\consoleapplication5\debug\consolea.61ca5a80.tlog\link.command.1.tlog
c:\users\admin\documents\visual studio 2017\projects\consoleapplication5\consoleapplication5\debug\consolea.61ca5a80.tlog\link.read.1.tlog
c:\users\admin\documents\visual studio 2017\projects\consoleapplication5\consoleapplication5\debug\consolea.61ca5a80.tlog\link.write.1.tlog
